<?xml version="1.0" encoding="UTF-8"?>
<testsuite name="caesars.cipher.CaesarsCipherTest" tests="1" skipped="0" failures="0" errors="0" timestamp="2021-06-10T17:45:32" hostname="DESKTOP-8VLOLNC" time="0.044">
  <properties/>
  <testcase name="testEmptyString()" classname="caesars.cipher.CaesarsCipherTest" time="0.044"/>
  <system-out><![CDATA[]]></system-out>
  <system-err><![CDATA[]]></system-err>
</testsuite>
